(node:35259) [MONGODB DRIVER] Warning: useNewUrlParser is a deprecated option: useNewUrlParser has no effect since Node.js Driver version 4.0.0 and will be removed in the next major version
(Use `node --trace-warnings ...` to show where the warning was created)
(node:35259) [MONGODB DRIVER] Warning: useUnifiedTopology is a deprecated option: useUnifiedTopology has no effect since Node.js Driver version 4.0.0 and will be removed in the next major version
[서버] http://localhost:4000 에서 실행 중
[MongoDB] 연결 성공
[프록시] 쿼리: 테스트, max: 3, display: 100
[디버그] 네이버 API 호출 params: { query: '테스트', display: 3, start: 1, sort: 'date' }
[디버그] 네이버 API 반환 items.length: 3
[프록시] 최종 반환 뉴스 개수: 3
[프록시] 쿼리: 백종원&지역개발사업, max: 2, display: 100
[디버그] 네이버 API 호출 params: { query: '백종원&지역개발사업', display: 2, start: 1, sort: 'date' }
[디버그] 네이버 API 반환 items.length: 2
[프록시] 최종 반환 뉴스 개수: 2
[프록시] 쿼리: 테스트테스트테스트테스트테스트테스트테스트테스트테스트테스트테스트테스트테스트테스트테스트테스트테스트테스트테스트테스트, max: 1, display: 100
[디버그] 네이버 API 호출 params: {
  query: '테스트테스트테스트테스트테스트테스트테스트테스트테스트테스트테스트테스트테스트테스트테스트테스트테스트테스트테스트테스트',
  display: 1,
  start: 1,
  sort: 'date'
}
[디버그] 네이버 API 반환 items.length: 1
[프록시] 최종 반환 뉴스 개수: 1
[프록시] 쿼리: 백종원|더본코리아, max: 100, display: 100
[디버그] 네이버 API 호출 params: { query: '백종원|더본코리아', display: 100, start: 1, sort: 'date' }
[프록시] 쿼리: 백종원|더본코리아, max: 100, display: 100
[디버그] 네이버 API 호출 params: { query: '백종원|더본코리아', display: 100, start: 1, sort: 'date' }
[프록시] 쿼리: AI, max: 100, display: 100
[디버그] 네이버 API 호출 params: { query: 'AI', display: 100, start: 1, sort: 'date' }
[프록시] 쿼리: 로코노미|지역활성화|로컬특성화, max: 100, display: 100
[디버그] 네이버 API 호출 params: { query: '로코노미|지역활성화|로컬특성화', display: 100, start: 1, sort: 'date' }
[디버그] 네이버 API 반환 items.length: 100
[프록시] 최종 반환 뉴스 개수: 100
[디버그] 네이버 API 반환 items.length: 2
[프록시] 최종 반환 뉴스 개수: 2
[디버그] 네이버 API 반환 items.length: 99
[프록시] 최종 반환 뉴스 개수: 99
[디버그] 네이버 API 반환 items.length: 100
[프록시] 최종 반환 뉴스 개수: 100
